<?xml version="1.0" encoding="UTF-8"?>
<!-- Generated by org.testng.reporters.JUnitReportReporter -->
<testsuite hostname="COG-WIN-MAC03" failures="0" tests="1" name="testcases.VDeskTest" time="53.392" errors="0" timestamp="2023-07-12T23:32:56 IST" skipped="0">
  <testcase classname="testcases.VDeskTest" name="ValidateClickTestingOfApplicationSettingsPage" time="53.392"/>
  <system-out/>
</testsuite> <!-- testcases.VDeskTest -->
