<?xml version="1.0" encoding="UTF-8"?>
<!-- Generated by org.testng.reporters.JUnitReportReporter -->
<testsuite hostname="COG-WIN-MAC03" failures="0" tests="1" name="testcases.AppointmentCalendarTest" time="67.769" errors="0" timestamp="2023-07-13T00:18:32 IST" skipped="0">
  <testcase classname="testcases.AppointmentCalendarTest" name="ValidateClickTestingOfManageExternalLinkPage" time="67.769"/>
  <system-out/>
</testsuite> <!-- testcases.AppointmentCalendarTest -->
