<?xml version="1.0" encoding="UTF-8"?>
<!-- Generated by org.testng.reporters.JUnitReportReporter -->
<testsuite hostname="COG-WIN-MAC03" failures="0" tests="1" name="testcases.DisplayScreenTest" time="45.575" errors="0" timestamp="2022-12-09T16:25:47 IST" skipped="0">
  <testcase classname="testcases.DisplayScreenTest" name="ValidateClickTestingOfCounterPage" time="45.575"/>
  <system-out/>
</testsuite> <!-- testcases.DisplayScreenTest -->
