<?xml version="1.0" encoding="UTF-8"?>
<!-- Generated by org.testng.reporters.JUnitReportReporter -->
<testsuite hostname="COG-WIN-MAC03" failures="0" tests="1" name="testcases.HumanResourcesTest" time="56.480" errors="0" timestamp="2022-12-09T17:08:09 IST" skipped="0">
  <testcase classname="testcases.HumanResourcesTest" name="ValidateClickTestingOfAttendancePage" time="56.480"/>
  <system-out/>
</testsuite> <!-- testcases.HumanResourcesTest -->
