<?xml version="1.0" encoding="UTF-8"?>
<!-- Generated by org.testng.reporters.JUnitReportReporter -->
<testsuite hostname="COG-WIN-MAC03" failures="0" tests="1" name="testcases.CommunicationTest" time="80.026" errors="0" timestamp="2023-07-12T23:32:56 IST" skipped="0">
  <testcase classname="testcases.CommunicationTest" name="ValidateClickTestingOfIVRPage" time="80.026"/>
  <system-out/>
</testsuite> <!-- testcases.CommunicationTest -->
