<?xml version="1.0" encoding="UTF-8"?>
<!-- Generated by org.testng.reporters.JUnitReportReporter -->
<testsuite hostname="COG-WIN-MAC03" failures="0" tests="1" name="testcases.PerformanceReviewTest" time="85.455" errors="0" timestamp="2022-12-09T16:25:47 IST" skipped="0">
  <testcase classname="testcases.PerformanceReviewTest" name="ValidateClickTestingOfPerformanceReviewPage" time="85.455"/>
  <system-out/>
</testsuite> <!-- testcases.PerformanceReviewTest -->
