<?xml version="1.0" encoding="UTF-8"?>
<!-- Generated by org.testng.reporters.JUnitReportReporter -->
<testsuite hostname="COG-WIN-MAC03" failures="0" tests="1" name="testcases.INTEGRATIONSTest" time="44.323" errors="0" timestamp="2022-11-07T14:49:26 IST" skipped="0">
  <testcase classname="testcases.INTEGRATIONSTest" name="ValidateClickTestingOfINTEGRATIONSPage" time="44.323"/>
  <system-out/>
</testsuite> <!-- testcases.INTEGRATIONSTest -->
