<?xml version="1.0" encoding="UTF-8"?>
<!-- Generated by org.testng.reporters.JUnitReportReporter -->
<testsuite hostname="COG-WIN-MAC03" failures="0" tests="1" name="testcases.EventManagementTest" time="91.514" errors="0" timestamp="2022-12-09T16:25:48 IST" skipped="0">
  <testcase classname="testcases.EventManagementTest" name="ValidateClickTestingOfCalendarPage" time="91.514"/>
  <system-out/>
</testsuite> <!-- testcases.EventManagementTest -->
