<?xml version="1.0" encoding="UTF-8"?>
<!-- Generated by org.testng.reporters.JUnitReportReporter -->
<testsuite hostname="COG-WIN-MAC03" failures="0" tests="1" name="testcases.TicketingTest" time="112.941" errors="0" timestamp="2023-07-13T01:15:15 IST" skipped="0">
  <testcase classname="testcases.TicketingTest" name="ValidateClickTestingOfTicketingPage" time="112.941"/>
  <system-out/>
</testsuite> <!-- testcases.TicketingTest -->
