<?xml version="1.0" encoding="UTF-8"?>
<!-- Generated by org.testng.reporters.JUnitReportReporter -->
<testsuite hostname="COG-WIN-MAC03" failures="0" tests="1" name="testcases.INTEGRATIONSTest" time="55.632" errors="0" timestamp="2023-07-12T23:32:56 IST" skipped="0">
  <testcase classname="testcases.INTEGRATIONSTest" name="ValidateClickTestingOfINTEGRATIONSPage" time="55.632"/>
  <system-out/>
</testsuite> <!-- testcases.INTEGRATIONSTest -->
