<?xml version="1.0" encoding="UTF-8"?>
<!-- Generated by org.testng.reporters.JUnitReportReporter -->
<testsuite hostname="COG-WIN-MAC03" failures="0" tests="1" name="testcases.AssetManagementTest" time="306.484" errors="0" timestamp="2023-07-13T00:41:25 IST" skipped="0">
  <testcase classname="testcases.AssetManagementTest" name="ValidateClickTestingOfGroupListPage" time="306.484"/>
  <system-out/>
</testsuite> <!-- testcases.AssetManagementTest -->
