<?xml version="1.0" encoding="UTF-8"?>
<!-- Generated by org.testng.reporters.JUnitReportReporter -->
<testsuite hostname="COG-WIN-MAC03" failures="0" tests="1" name="testcases.HiringTest" time="51.338" errors="0" timestamp="2022-12-09T16:25:48 IST" skipped="0">
  <testcase classname="testcases.HiringTest" name="ValidateClickTestingOfCandidateListPage" time="51.338"/>
  <system-out/>
</testsuite> <!-- testcases.HiringTest -->
