<?xml version="1.0" encoding="UTF-8"?>
<!-- Generated by org.testng.reporters.JUnitReportReporter -->
<testsuite hostname="COG-WIN-MAC03" failures="0" tests="1" name="testcases.TrainingTest" time="48.225" errors="0" timestamp="2022-11-07T14:49:26 IST" skipped="0">
  <testcase classname="testcases.TrainingTest" name="ValidateClickTestingOfTrainingPage" time="48.225"/>
  <system-out/>
</testsuite> <!-- testcases.TrainingTest -->
