<?xml version="1.0" encoding="UTF-8"?>
<!-- Generated by org.testng.reporters.JUnitReportReporter -->
<testsuite hostname="COG-WIN-MAC03" failures="0" tests="1" name="testcases.HiringTest" time="50.119" errors="0" timestamp="2022-11-07T14:49:26 IST" skipped="0">
  <testcase classname="testcases.HiringTest" name="ValidateClickTestingOfCandidateListPage" time="50.119"/>
  <system-out/>
</testsuite> <!-- testcases.HiringTest -->
