<?xml version="1.0" encoding="UTF-8"?>
<!-- Generated by org.testng.reporters.JUnitReportReporter -->
<testsuite hostname="COG-WIN-MAC03" failures="0" tests="1" name="testcases.CommunicationTest" time="58.057" errors="0" timestamp="2022-11-07T14:49:26 IST" skipped="0">
  <testcase classname="testcases.CommunicationTest" name="ValidateClickTestingOfIVRPage" time="58.057"/>
  <system-out/>
</testsuite> <!-- testcases.CommunicationTest -->
