<?xml version="1.0" encoding="UTF-8"?>
<!-- Generated by org.testng.reporters.JUnitReportReporter -->
<testsuite hostname="COG-WIN-MAC03" failures="0" tests="1" name="testcases.INTEGRATIONSTest" time="44.491" errors="0" timestamp="2022-12-09T16:25:48 IST" skipped="0">
  <testcase classname="testcases.INTEGRATIONSTest" name="ValidateClickTestingOfINTEGRATIONSPage" time="44.491"/>
  <system-out/>
</testsuite> <!-- testcases.INTEGRATIONSTest -->
