<?xml version="1.0" encoding="UTF-8"?>
<!-- Generated by org.testng.reporters.JUnitReportReporter -->
<testsuite hostname="COG-WIN-MAC03" failures="0" tests="1" name="testcases.CRMTest" time="109.468" errors="0" timestamp="2023-07-13T00:44:07 IST" skipped="0">
  <testcase classname="testcases.CRMTest" name="ValidateClickTestingOfAccountsPage" time="109.468"/>
  <system-out/>
</testsuite> <!-- testcases.CRMTest -->
